<?xml version="1.0" encoding="UTF-8"?>
<testsuite xmlns:xsi="http://www.w3.org/2001/XMLSchema-instance" xsi:noNamespaceSchemaLocation="https://maven.apache.org/surefire/maven-surefire-plugin/xsd/surefire-test-report-3.0.xsd" version="3.0" name="TestSuite" time="42.52" tests="6" errors="0" skipped="0" failures="1">
  <properties>
[...]
</properties>
  <testcase name="addNewUser[org.testng.TestRunner@333d4a8c](1)" classname="com.contactslist.api.tests.UserApiTests" time="24.324">
    <system-out><![CDATA[Request method:	POST
Request URI:	https://thinking-tester-contact-list.herokuapp.com/users
Proxy:			<none>
Request params:	<none>
Query params:	<none>
Form params:	<none>
Path params:	<none>
Headers:		Accept=*/*
				Content-Type=application/json
Cookies:		<none>
Multiparts:		<none>
Body:
{
    "firstName": "Meghann",
    "lastName": "Parker",
    "email": "rafael.lehner@gmail.com",
    "password": "i5wtbq6cnl9e4tm"
}
HTTP/1.1 201 Created
Server: Cowboy
Connection: keep-alive
X-Powered-By: Express
Set-Cookie: token=eyJhbGciOiJIUzI1NiIsInR5cCI6IkpXVCJ9.eyJfaWQiOiI2NTEyZjdmMzVlZDFkYzAwMTNlOGUzZWYiLCJpYXQiOjE2OTU3NDE5Mzl9.9YH8XUCh0HuSNiGRftgqnRcil3Gg9E9wt-5hK7LbKJU; Max-Age=684; Path=/; Expires=Tue, 26 Sep 2023 15:37:03 GMT
Content-Type: application/json; charset=utf-8
Content-Length: 287
Etag: W/"11f-tWBaFiZejMTMfJT7/x/YcAPsHyA"
Date: Tue, 26 Sep 2023 15:25:39 GMT
Via: 1.1 vegur

{
    "user": {
        "_id": "6512f7f35ed1dc0013e8e3ef",
        "firstName": "Meghann",
        "lastName": "Parker",
        "email": "rafael.lehner@gmail.com",
        "__v": 1
    },
    "token": "eyJhbGciOiJIUzI1NiIsInR5cCI6IkpXVCJ9.eyJfaWQiOiI2NTEyZjdmMzVlZDFkYzAwMTNlOGUzZWYiLCJpYXQiOjE2OTU3NDE5Mzl9.9YH8XUCh0HuSNiGRftgqnRcil3Gg9E9wt-5hK7LbKJU"
}
]]></system-out>
    <system-err><![CDATA[SLF4J: Failed to load class "org.slf4j.impl.StaticLoggerBinder".
SLF4J: Defaulting to no-operation (NOP) logger implementation
SLF4J: See http://www.slf4j.org/codes.html#StaticLoggerBinder for further details.
]]></system-err>
  </testcase>
  <testcase name="getUserProfile[org.testng.TestRunner@333d4a8c](1)" classname="com.contactslist.api.tests.UserApiTests" time="1.824">
    <system-out><![CDATA[Request method:	GET
Request URI:	https://thinking-tester-contact-list.herokuapp.com/users/me
Proxy:			<none>
Request params:	<none>
Query params:	<none>
Form params:	<none>
Path params:	<none>
Headers:		Authorization=Bearer eyJhbGciOiJIUzI1NiIsInR5cCI6IkpXVCJ9.eyJfaWQiOiI2NTEyZjdmMzVlZDFkYzAwMTNlOGUzZWYiLCJpYXQiOjE2OTU3NDE5Mzl9.9YH8XUCh0HuSNiGRftgqnRcil3Gg9E9wt-5hK7LbKJU
				Accept=*/*
				Content-Type=application/json
Cookies:		<none>
Multiparts:		<none>
Body:			<none>
HTTP/1.1 200 OK
Server: Cowboy
Connection: keep-alive
X-Powered-By: Express
Content-Type: application/json; charset=utf-8
Content-Length: 118
Etag: W/"76-TflbulhkUQzjbGEFybTSwen0Nqc"
Date: Tue, 26 Sep 2023 15:25:47 GMT
Via: 1.1 vegur

{
    "_id": "6512f7f35ed1dc0013e8e3ef",
    "firstName": "Meghann",
    "lastName": "Parker",
    "email": "rafael.lehner@gmail.com",
    "__v": 1
}
]]></system-out>
  </testcase>
  <testcase name="updateUser[org.testng.TestRunner@333d4a8c](1)" classname="com.contactslist.api.tests.UserApiTests" time="1.466">
    <system-out><![CDATA[Request method:	PATCH
Request URI:	https://thinking-tester-contact-list.herokuapp.com/users/me
Proxy:			<none>
Request params:	<none>
Query params:	<none>
Form params:	<none>
Path params:	<none>
Headers:		Authorization=Bearer eyJhbGciOiJIUzI1NiIsInR5cCI6IkpXVCJ9.eyJfaWQiOiI2NTEyZjdmMzVlZDFkYzAwMTNlOGUzZWYiLCJpYXQiOjE2OTU3NDE5Mzl9.9YH8XUCh0HuSNiGRftgqnRcil3Gg9E9wt-5hK7LbKJU
				Accept=*/*
				Content-Type=application/json
Cookies:		<none>
Multiparts:		<none>
Body:
{
    "firstName": "Andre",
    "lastName": "Fay"
}
HTTP/1.1 200 OK
Server: Cowboy
Connection: keep-alive
X-Powered-By: Express
Content-Type: application/json; charset=utf-8
Content-Length: 113
Etag: W/"71-azAnPSgug6e4ZPCsCgzhH6aOTns"
Date: Tue, 26 Sep 2023 15:25:48 GMT
Via: 1.1 vegur

{
    "_id": "6512f7f35ed1dc0013e8e3ef",
    "firstName": "Andre",
    "lastName": "Fay",
    "email": "rafael.lehner@gmail.com",
    "__v": 1
}
]]></system-out>
  </testcase>
  <testcase name="userLogout[org.testng.TestRunner@333d4a8c](1)" classname="com.contactslist.api.tests.UserApiTests" time="1.279">
    <system-out><![CDATA[Request method:	POST
Request URI:	https://thinking-tester-contact-list.herokuapp.com/users/logout
Proxy:			<none>
Request params:	<none>
Query params:	<none>
Form params:	<none>
Path params:	<none>
Headers:		Authorization=Bearer eyJhbGciOiJIUzI1NiIsInR5cCI6IkpXVCJ9.eyJfaWQiOiI2NTEyZjdmMzVlZDFkYzAwMTNlOGUzZWYiLCJpYXQiOjE2OTU3NDE5Mzl9.9YH8XUCh0HuSNiGRftgqnRcil3Gg9E9wt-5hK7LbKJU
				Accept=*/*
				Content-Type=application/json
Cookies:		<none>
Multiparts:		<none>
Body:			<none>
HTTP/1.1 200 OK
Server: Cowboy
Connection: keep-alive
X-Powered-By: Express
Date: Tue, 26 Sep 2023 15:25:50 GMT
Content-Length: 0
Via: 1.1 vegur
]]></system-out>
  </testcase>
  <testcase name="userLogin" classname="com.contactslist.api.tests.UserApiTests" time="1.253">
    <system-out><![CDATA[Request method:	POST
Request URI:	https://thinking-tester-contact-list.herokuapp.com/users/login
Proxy:			<none>
Request params:	<none>
Query params:	<none>
Form params:	<none>
Path params:	<none>
Headers:		Accept=*/*
				Content-Type=application/json
Cookies:		<none>
Multiparts:		<none>
Body:
{
    "email": "rafael.lehner@gmail.com",
    "password": "i5wtbq6cnl9e4tm"
}
HTTP/1.1 200 OK
Server: Cowboy
Connection: keep-alive
X-Powered-By: Express
Set-Cookie: token=eyJhbGciOiJIUzI1NiIsInR5cCI6IkpXVCJ9.eyJfaWQiOiI2NTEyZjdmMzVlZDFkYzAwMTNlOGUzZWYiLCJpYXQiOjE2OTU3NDE5NTF9.U3TRFODTOrBrCeKCtv-Vkbm9UaGavWELyPiW-YNWEPo; Max-Age=36000; Path=/; Expires=Wed, 27 Sep 2023 01:25:51 GMT
Content-Type: application/json; charset=utf-8
Content-Length: 282
Etag: W/"11a-ANKww1x57JIHwts5Sq73oKJ5OaQ"
Date: Tue, 26 Sep 2023 15:25:51 GMT
Via: 1.1 vegur

{
    "user": {
        "_id": "6512f7f35ed1dc0013e8e3ef",
        "firstName": "Andre",
        "lastName": "Fay",
        "email": "rafael.lehner@gmail.com",
        "__v": 3
    },
    "token": "eyJhbGciOiJIUzI1NiIsInR5cCI6IkpXVCJ9.eyJfaWQiOiI2NTEyZjdmMzVlZDFkYzAwMTNlOGUzZWYiLCJpYXQiOjE2OTU3NDE5NTF9.U3TRFODTOrBrCeKCtv-Vkbm9UaGavWELyPiW-YNWEPo"
}
]]></system-out>
  </testcase>
  <testcase name="deleteUser[org.testng.TestRunner@333d4a8c](1)" classname="com.contactslist.api.tests.UserApiTests" time="1.26">
    <failure message="expected [200] but found [401]" type="java.lang.AssertionError"><![CDATA[java.lang.AssertionError: expected [200] but found [401]
	at org.testng.Assert.fail(Assert.java:110)
	at org.testng.Assert.failNotEquals(Assert.java:1413)
	at org.testng.Assert.assertEqualsImpl(Assert.java:149)
	at org.testng.Assert.assertEquals(Assert.java:131)
	at org.testng.Assert.assertEquals(Assert.java:1240)
	at org.testng.Assert.assertEquals(Assert.java:1274)
	at com.contactslist.api.tests.UserApiTests.deleteUser(UserApiTests.java:101)
	at java.base/jdk.internal.reflect.NativeMethodAccessorImpl.invoke0(Native Method)
	at java.base/jdk.internal.reflect.NativeMethodAccessorImpl.invoke(NativeMethodAccessorImpl.java:77)
	at java.base/jdk.internal.reflect.DelegatingMethodAccessorImpl.invoke(DelegatingMethodAccessorImpl.java:43)
	at java.base/java.lang.reflect.Method.invoke(Method.java:568)
	at org.testng.internal.invokers.MethodInvocationHelper.invokeMethod(MethodInvocationHelper.java:139)
	at org.testng.internal.invokers.TestInvoker.invokeMethod(TestInvoker.java:677)
	at org.testng.internal.invokers.TestInvoker.invokeTestMethod(TestInvoker.java:221)
	at org.testng.internal.invokers.MethodRunner.runInSequence(MethodRunner.java:50)
	at org.testng.internal.invokers.TestInvoker$MethodInvocationAgent.invoke(TestInvoker.java:969)
	at org.testng.internal.invokers.TestInvoker.invokeTestMethods(TestInvoker.java:194)
	at org.testng.internal.invokers.TestMethodWorker.invokeTestMethods(TestMethodWorker.java:148)
	at org.testng.internal.invokers.TestMethodWorker.run(TestMethodWorker.java:128)
	at java.base/java.util.ArrayList.forEach(ArrayList.java:1511)
	at org.testng.TestRunner.privateRun(TestRunner.java:829)
	at org.testng.TestRunner.run(TestRunner.java:602)
	at org.testng.SuiteRunner.runTest(SuiteRunner.java:437)
	at org.testng.SuiteRunner.runSequentially(SuiteRunner.java:431)
	at org.testng.SuiteRunner.privateRun(SuiteRunner.java:391)
	at org.testng.SuiteRunner.run(SuiteRunner.java:330)
	at org.testng.SuiteRunnerWorker.runSuite(SuiteRunnerWorker.java:52)
	at org.testng.SuiteRunnerWorker.run(SuiteRunnerWorker.java:95)
	at org.testng.TestNG.runSuitesSequentially(TestNG.java:1256)
	at org.testng.TestNG.runSuitesLocally(TestNG.java:1176)
	at org.testng.TestNG.runSuites(TestNG.java:1099)
	at org.testng.TestNG.run(TestNG.java:1067)
	at org.apache.maven.surefire.testng.TestNGExecutor.run(TestNGExecutor.java:324)
	at org.apache.maven.surefire.testng.TestNGXmlTestSuite.execute(TestNGXmlTestSuite.java:74)
	at org.apache.maven.surefire.testng.TestNGProvider.invoke(TestNGProvider.java:123)
	at org.apache.maven.surefire.booter.ForkedBooter.runSuitesInProcess(ForkedBooter.java:456)
	at org.apache.maven.surefire.booter.ForkedBooter.execute(ForkedBooter.java:169)
	at org.apache.maven.surefire.booter.ForkedBooter.run(ForkedBooter.java:595)
	at org.apache.maven.surefire.booter.ForkedBooter.main(ForkedBooter.java:581)
]]></failure>
    <system-out><![CDATA[Request method:	DELETE
Request URI:	https://thinking-tester-contact-list.herokuapp.com/users/me
Proxy:			<none>
Request params:	<none>
Query params:	<none>
Form params:	<none>
Path params:	<none>
Headers:		Authorization=Bearer eyJhbGciOiJIUzI1NiIsInR5cCI6IkpXVCJ9.eyJfaWQiOiI2NTEyZjdmMzVlZDFkYzAwMTNlOGUzZWYiLCJpYXQiOjE2OTU3NDE5Mzl9.9YH8XUCh0HuSNiGRftgqnRcil3Gg9E9wt-5hK7LbKJU
				Accept=*/*
				Content-Type=application/json
Cookies:		<none>
Multiparts:		<none>
Body:			<none>
HTTP/1.1 401 Unauthorized
Server: Cowboy
Connection: keep-alive
X-Powered-By: Express
Content-Type: application/json; charset=utf-8
Content-Length: 32
Etag: W/"20-l84Ae8oPqxLFOfh6GyOldXOyOfM"
Date: Tue, 26 Sep 2023 15:25:52 GMT
Via: 1.1 vegur

{
    "error": "Please authenticate."
}
]]></system-out>
  </testcase>
</testsuite>