<?xml version="1.0" encoding="UTF-8"?>
<testng-results ignored="0" total="2" passed="2" failed="0" skipped="0">
  <reporter-output>
  </reporter-output>
  <suite started-at="2023-09-22T12:33:27 IST" name="Default suite" finished-at="2023-09-22T12:33:56 IST" duration-ms="29277">
    <groups>
    </groups>
    <test started-at="2023-09-22T12:33:27 IST" name="Default test" finished-at="2023-09-22T12:33:56 IST" duration-ms="29277">
      <class name="com.contactslist.api.tests.UserApiTests">
        <test-method signature="addNewUser(org.testng.ITestContext)[pri:0, instance:com.contactslist.api.tests.UserApiTests@14dd9eb7]" started-at="2023-09-22T12:33:27 IST" name="addNewUser" finished-at="2023-09-22T12:33:54 IST" duration-ms="27003" status="PASS">
          <params>
            <param index="0">
              <value>
                <![CDATA[org.testng.TestRunner@6913c1fb]]>
              </value>
            </param>
          </params>
          <reporter-output>
          </reporter-output>
        </test-method> <!-- addNewUser -->
        <test-method signature="getUserProfile(org.testng.ITestContext)[pri:1, instance:com.contactslist.api.tests.UserApiTests@14dd9eb7]" started-at="2023-09-22T12:33:54 IST" name="getUserProfile" finished-at="2023-09-22T12:33:56 IST" duration-ms="1771" status="PASS">
          <params>
            <param index="0">
              <value>
                <![CDATA[org.testng.TestRunner@6913c1fb]]>
              </value>
            </param>
          </params>
          <reporter-output>
          </reporter-output>
        </test-method> <!-- getUserProfile -->
      </class> <!-- com.contactslist.api.tests.UserApiTests -->
    </test> <!-- Default test -->
  </suite> <!-- Default suite -->
</testng-results>
